[0.283s] Invoking command in '/home/yigithan/Desktop/PID_lane_follower/dev_ws/src/build/spark_msgs': /usr/bin/cmake --build /home/yigithan/Desktop/PID_lane_follower/dev_ws/src/build/spark_msgs -- -j12 -l12
[0.329s] -- Found ament_cmake: 0.7.6 (/opt/ros/dashing/share/ament_cmake/cmake)
[0.355s] -- Found PythonInterp: /usr/bin/python3 (found suitable version "3.6.9", minimum required is "3") 
[0.355s] -- Using PYTHON_EXECUTABLE: /usr/bin/python3
[0.438s] Traceback (most recent call last):
[0.438s]   File "/opt/ros/dashing/share/ament_cmake_core/cmake/package_templates/templates_2_cmake.py", line 21, in <module>
[0.438s]     from ament_package.templates import get_environment_hook_template_path
[0.439s] ModuleNotFoundError: No module named 'ament_package'
[0.450s] CMake Error at /opt/ros/dashing/share/ament_cmake_core/cmake/ament_cmake_package_templates-extras.cmake:41 (message):
[0.450s]   execute_process(/usr/bin/python3
[0.450s]   /opt/ros/dashing/share/ament_cmake_core/cmake/package_templates/templates_2_cmake.py
[0.450s]   /home/yigithan/Desktop/PID_lane_follower/dev_ws/src/build/spark_msgs/ament_cmake_package_templates/templates.cmake)
[0.450s]   returned error code 1
[0.450s] Call Stack (most recent call first):
[0.450s]   /opt/ros/dashing/share/ament_cmake_core/cmake/ament_cmake_coreConfig.cmake:38 (include)
[0.451s]   /opt/ros/dashing/share/ament_cmake/cmake/ament_cmake_export_dependencies-extras.cmake:15 (find_package)
[0.451s]   /opt/ros/dashing/share/ament_cmake/cmake/ament_cmakeConfig.cmake:38 (include)
[0.451s]   CMakeLists.txt:19 (find_package)
[0.451s] 
[0.451s] 
[0.451s] -- Configuring incomplete, errors occurred!
[0.451s] See also "/home/yigithan/Desktop/PID_lane_follower/dev_ws/src/build/spark_msgs/CMakeFiles/CMakeOutput.log".
[0.452s] Makefile:3810: recipe for target 'cmake_check_build_system' failed
[0.452s] make: *** [cmake_check_build_system] Error 1
